[2018-04-26 07:57:46] <undefined> Network created, connecting to chat.freenode.net:6697...
[2018-04-26 07:57:47] <undefined> Connected to the network.
[2018-04-26 07:57:47] * sinisalo.freenode.net notice *** Looking up your hostname...
[2018-04-26 07:57:47] * sinisalo.freenode.net notice *** Checking Ident
[2018-04-26 07:57:47] * sinisalo.freenode.net notice *** Couldn't look up your hostname
[2018-04-26 07:57:47] * sinisalo.freenode.net notice *** No Ident response
[2018-04-26 07:57:49] <undefined> Enabled capabilities: account-notify, extended-join, multi-prefix, sasl
[2018-04-26 07:57:49] <undefined> You're now known as aniketp41
[2018-04-26 07:57:49] * undefined unhandled
[2018-04-26 07:57:49] * undefined unhandled
[2018-04-26 07:57:49] * undefined unhandled
[2018-04-26 07:57:49] * undefined unhandled
[2018-04-26 07:57:49] * undefined unhandled
[2018-04-26 07:57:49] * undefined unhandled
[2018-04-26 07:57:49] * undefined unhandled
[2018-04-26 07:57:49] * undefined unhandled
[2018-04-26 07:57:49] * undefined unhandled
[2018-04-26 07:57:49] * undefined unhandled
[2018-04-26 07:57:49] * undefined unhandled
[2018-04-26 07:57:49] * aniketp41 mode +Z
[2018-04-26 07:57:49] * aniketp41 mode +i
[2018-04-26 07:57:49] * NickServ notice You are already logged in as aniketp41.
[2018-04-26 07:57:55] * ChanServ notice [#freebsd] Please check the FreeBSD Handbook and Manual Pages first: http://freebsd.org/handbook - http://freebsd.org/cgi/man.cgi | Use a pastebin for more than 4 lines: https://dpaste.de/ | Other FreeBSD IRC Channels: https://wiki.freebsd.org/IrcChannels
[2018-04-26 15:45:53] <undefined> Network created, connecting to chat.freenode.net:6697...
[2018-04-26 15:45:55] <undefined> Connected to the network.
[2018-04-26 15:45:55] * cherryh.freenode.net notice *** Looking up your hostname...
[2018-04-26 15:45:55] * cherryh.freenode.net notice *** Checking Ident
[2018-04-26 15:45:55] * cherryh.freenode.net notice *** Couldn't look up your hostname
[2018-04-26 15:45:55] * cherryh.freenode.net notice *** No Ident response
[2018-04-26 15:45:57] <undefined> Enabled capabilities: account-notify, extended-join, multi-prefix, sasl
[2018-04-26 15:45:57] <undefined> You're now known as aniketp41
[2018-04-26 15:45:57] * undefined unhandled
[2018-04-26 15:45:57] * undefined unhandled
[2018-04-26 15:45:57] * undefined unhandled
[2018-04-26 15:45:57] * undefined unhandled
[2018-04-26 15:45:57] * undefined unhandled
[2018-04-26 15:45:57] * undefined unhandled
[2018-04-26 15:45:57] * undefined unhandled
[2018-04-26 15:45:57] * undefined unhandled
[2018-04-26 15:45:57] * undefined unhandled
[2018-04-26 15:45:57] * undefined unhandled
[2018-04-26 15:45:57] * undefined unhandled
[2018-04-26 15:45:57] * aniketp41 mode +Z
[2018-04-26 15:45:57] * aniketp41 mode +i
[2018-04-26 15:45:57] * NickServ notice You are already logged in as aniketp41.
[2018-04-26 15:46:03] * ChanServ notice [#freebsd] Please check the FreeBSD Handbook and Manual Pages first: http://freebsd.org/handbook - http://freebsd.org/cgi/man.cgi | Use a pastebin for more than 4 lines: https://dpaste.de/ | Other FreeBSD IRC Channels: https://wiki.freebsd.org/IrcChannels
