[2018-04-26 18:45:55] * aniketp41 (~aniketp41@159.65.149.37) join
[2018-04-26 18:45:55] * undefined topic (not the channel for cool kids (or mimes))
[2018-04-26 18:45:55] * CrtxReavr topic_set_by
[2018-04-26 19:27:45] * arrowsvc_ (~arr@94.233.39.8) join
[2018-04-26 19:48:08] * arrowsvc_ (~arr@94.233.39.8) quit Ping timeout: 244 seconds
[2018-04-26 20:49:08] * nomadlgc (~peteshell@mail.nomadlogic.org) quit Quit: changing servers
[2018-04-26 20:49:18] * nomadlgc (~peteshell@mail.nomadlogic.org) join
[2018-04-26 21:13:15] * AlexAltea (~alexaltea@phi.nz) quit Ping timeout: 315 seconds
[2018-04-26 21:14:56] * gavin (~ga9@buffy.york.ac.uk) quit Ping timeout: 319 seconds
[2018-04-26 21:16:32] * AllanJude (ajude@allanjude.bsdbasement.com) quit No Ping reply in 180 seconds.
[2018-04-26 21:16:33] * xi- (~xi@nuxi.ca) quit Ping timeout: 317 seconds
[2018-04-26 21:16:46] * BaT-_ (~timur@acro.bat.ru) join
[2018-04-26 21:16:49] * AlexAltea (~alexaltea@phi.nz) join
[2018-04-26 21:18:07] * BaT- (~timur@acro.bat.ru) quit Ping timeout: 312 seconds
[2018-04-26 21:18:58] * AllanJude (~allan@allanjude.bsdbasement.com) join
[2018-04-26 21:19:03] * lor mode +o AllanJude
[2018-04-26 21:19:23] * xi- (~xi@nuxi.ca) join
[2018-04-26 21:19:33] * dexter_ (~dexter@c-67-170-143-17.hsd1.or.comcast.net) join
[2018-04-26 21:24:11] * gavin (~ga9@buffy.york.ac.uk) join
[2018-04-26 21:45:40] * dexter_ (~dexter@c-67-170-143-17.hsd1.or.comcast.net) quit Quit: dexter_
[2018-04-26 22:17:18] * seschwar (~seschwar@dyndsl-092-252-069-168.ewe-ip-backbone.de) quit Quit: :wq
[2018-04-26 22:19:36] * ketas (~ketas@73-212-191-90.dyn.estpak.ee) quit Max SendQ exceeded
[2018-04-26 22:19:51] * ketas (~ketas@73-212-191-90.dyn.estpak.ee) join
[2018-04-26 22:21:56] * ketas (~ketas@73-212-191-90.dyn.estpak.ee) quit Max SendQ exceeded
[2018-04-26 22:24:51] * ketas (~ketas@73-212-191-90.dyn.estpak.ee) join
[2018-04-26 22:35:18] * dexter_ (~dexter@c-67-170-143-17.hsd1.or.comcast.net) join
[2018-04-26 22:42:12] * dexter_ (~dexter@c-67-170-143-17.hsd1.or.comcast.net) quit Quit: dexter_
[2018-04-26 23:10:09] * dexter_ (~dexter@c-67-170-143-17.hsd1.or.comcast.net) join
[2018-04-26 23:25:25] * dexter_ (~dexter@c-67-170-143-17.hsd1.or.comcast.net) quit Quit: dexter_
[2018-04-27 00:47:54] * dexter_ (~dexter@c-67-170-143-17.hsd1.or.comcast.net) join
[2018-04-27 00:57:51] * dexter_ (~dexter@c-67-170-143-17.hsd1.or.comcast.net) quit Quit: dexter_
[2018-04-27 01:47:19] * drakonis (~drakonis@2804:14d:7480:1101:feaa:14ff:fefa:715a) join
[2018-04-27 04:28:59] * dexter_ (~dexter@c-67-170-143-17.hsd1.or.comcast.net) join
[2018-04-27 04:52:36] * drakonis (~drakonis@2804:14d:7480:1101:feaa:14ff:fefa:715a) quit Remote host closed the connection
[2018-04-27 05:02:36] * weird (kc@static-212-247-41-80.cust.tele2.se) quit Ping timeout: 260 seconds
[2018-04-27 05:03:07] * weird (kc@static-212-247-41-80.cust.tele2.se) join
[2018-04-27 05:45:51] * dexter_ (~dexter@c-67-170-143-17.hsd1.or.comcast.net) quit Quit: dexter_
