[2018-04-24 15:01:41] * aniketp41 (~aniketp41@159.65.149.37) join
[2018-04-24 15:01:41] * undefined topic FreeBSD is in GSoC2018! Accepted projects will be announced 23rd April
[2018-04-24 15:01:41] * gavin topic_set_by
[2018-04-24 15:32:38] * bsdimp (~bsdimp@50-253-99-174-static.hfc.comcastbusiness.net) quit Quit: My MacBook Pro has gone to sleep. ZZZzzz…
[2018-04-24 15:36:08] * bsdimp (~bsdimp@2603:300b:6:5100:1052:acc7:f9de:2b6d) join
[2018-04-24 16:13:41] * bsdimp (~bsdimp@2603:300b:6:5100:1052:acc7:f9de:2b6d) quit Quit: My MacBook Pro has gone to sleep. ZZZzzz…
[2018-04-24 16:26:46] * bsdimp (~bsdimp@2603:300b:6:5100:1052:acc7:f9de:2b6d) join
[2018-04-24 18:27:02] * return0e (~return0e@5-198-102-244.static.kc.net.uk) join
[2018-04-24 19:07:17] * pleb (~luserx0@81.92.48.95) join
[2018-04-24 19:07:55] * pleb (~luserx0@81.92.48.95) quit Client Quit
[2018-04-24 19:09:08] * pleb (~luserx0@81.92.48.95) join
[2018-04-24 19:10:45] * luserx0 (~luserx0@adsl-90.79.107.49.tellas.gr) quit Read error: Operation timed out
[2018-04-24 19:24:49] * pleb (~luserx0@81.92.48.95) quit Remote host closed the connection
[2018-04-24 19:37:15] <bsdimp> is anybody home?
[2018-04-24 19:39:03] * luserx0 (~luserx0@81.92.48.95) join
[2018-04-24 21:28:11] * maxfx (~maxfx@ip-78-45-218-123.net.upcbroadband.cz) join
[2018-04-24 21:57:42] * kristaps (~kristaps@80.89.72.60) join
[2018-04-24 22:03:39] * bsdimp (~bsdimp@2603:300b:6:5100:1052:acc7:f9de:2b6d) quit Quit: My MacBook Pro has gone to sleep. ZZZzzz…
[2018-04-24 22:30:45] * maxfx (~maxfx@ip-78-45-218-123.net.upcbroadband.cz) quit Read error: Operation timed out
[2018-04-24 23:00:40] * bsdimp (~bsdimp@2603:300b:6:5100:1052:acc7:f9de:2b6d) join
[2018-04-24 23:31:26] * bsdimp (~bsdimp@2603:300b:6:5100:1052:acc7:f9de:2b6d) quit Quit: My MacBook Pro has gone to sleep. ZZZzzz…
[2018-04-25 00:18:00] * bsdimp (~bsdimp@2603:300b:6:5100:1052:acc7:f9de:2b6d) join
[2018-04-25 02:32:11] * imm__ (~imm_@dh207-32-19.xnet.hr) join
[2018-04-25 02:33:45] * imm_ (~imm_@dh207-9-184.xnet.hr) quit Ping timeout: 252 seconds
[2018-04-25 04:09:22] * bsdimp (~bsdimp@2603:300b:6:5100:1052:acc7:f9de:2b6d) quit Quit: My MacBook Pro has gone to sleep. ZZZzzz…
[2018-04-25 04:37:28] * bsdimp (~bsdimp@2603:300b:6:5100:1052:acc7:f9de:2b6d) join
[2018-04-25 04:48:44] * imm__ (~imm_@dh207-32-19.xnet.hr) quit leaving
[2018-04-25 04:50:54] * imm_ (~imm_@dh207-32-19.xnet.hr) join
[2018-04-25 05:39:23] * bsdimp (~bsdimp@2603:300b:6:5100:1052:acc7:f9de:2b6d) quit Quit: My MacBook Pro has gone to sleep. ZZZzzz…
[2018-04-25 07:57:08] * capreyon (~capreyon@14.139.221.19) join
[2018-04-25 07:58:37] <capreyon> hello everyone :)
[2018-04-25 07:59:17] <capreyon> Anish gupta -> Sir, may I get your email-id?
[2018-04-25 08:14:04] * brooks (~brooks@bounce.one-eyed-alien.net) quit Read error: Operation timed out
[2018-04-25 09:26:33] * capreyon (~capreyon@14.139.221.19) quit Read error: Operation timed out
[2018-04-25 09:36:02] * brooks (~brooks@bounce.one-eyed-alien.net) join
[2018-04-25 09:46:49] * Alvo (~Alvo@58.235.190.35.bc.googleusercontent.com) part #freebsd-soc
[2018-04-25 09:56:56] * capreyon (~capreyon@14.139.221.19) join
[2018-04-25 10:54:53] * hrs (sid125333@id-125333.brockwell.irccloud.com) quit
[2018-04-25 10:55:07] * hrs (sid125333@id-125333.hathersage.irccloud.com) join
[2018-04-25 11:24:09] * capreyon (~capreyon@14.139.221.19) quit Ping timeout: 600 seconds
[2018-04-25 11:51:35] * bsdimp (~bsdimp@2603:300b:6:5100:1052:acc7:f9de:2b6d) join
[2018-04-25 11:52:57] * bsdimp (~bsdimp@2603:300b:6:5100:1052:acc7:f9de:2b6d) quit Client Quit
[2018-04-25 12:41:01] * capreyon (~capreyon@14.139.221.19) join
[2018-04-25 13:19:49] * capreyon (~capreyon@14.139.221.19) quit Ping timeout: 252 seconds
[2018-04-25 14:01:24] * capreyon (~capreyon@14.139.221.19) join
[2018-04-25 14:03:12] <capreyon> Someone please give me the email id of Anish Gupta who is mentor of verification of bhyve Instructions emulation
[2018-04-25 14:38:03] * capreyon (~capreyon@14.139.221.19) quit Ping timeout: 633 seconds
[2018-04-25 15:01:00] * tomoyat1 (~tomoyat1@133.130.119.65) quit Quit: ZNC 1.6.5 - http://znc.in
[2018-04-25 15:01:20] * tomoyat1 (~tomoyat1@tomoyat1.com) join
[2018-04-25 15:18:09] <chrkr> capreyon: see https://www.freebsd.org/doc/en/articles/contributors/staff-committers.html
[2018-04-25 15:43:15] * capreyon (~capreyon@117.211.86.108) join
[2018-04-25 16:31:35] * capreyon (~capreyon@117.211.86.108) quit Ping timeout: 252 seconds
[2018-04-25 17:34:52] * bsdimp (~bsdimp@wsip-184-177-160-243.ph.ph.cox.net) join
[2018-04-25 17:40:19] * bsdimp (~bsdimp@wsip-184-177-160-243.ph.ph.cox.net) quit My MacBook Pro has gone to sleep. ZZZzzz…
[2018-04-25 17:44:50] * imm_ (~imm_@dh207-32-19.xnet.hr) quit Read error: Operation timed out
[2018-04-25 17:52:45] * imm_ (~imm_@dh207-10-6.xnet.hr) join
[2018-04-25 17:55:58] * maxfx (~maxfx@ip-78-45-218-123.net.upcbroadband.cz) join
[2018-04-25 18:06:03] * bsdimp (~bsdimp@wsip-184-177-160-243.ph.ph.cox.net) join
[2018-04-25 18:45:42] * bsdimp (~bsdimp@wsip-184-177-160-243.ph.ph.cox.net) quit Quit: My MacBook Pro has gone to sleep. ZZZzzz…
[2018-04-25 20:02:20] * maxfx (~maxfx@ip-78-45-218-123.net.upcbroadband.cz) quit Remote host closed the connection
[2018-04-25 20:39:10] * maxfx (~maxfx@ip-78-45-218-123.net.upcbroadband.cz) join
[2018-04-25 21:52:05] * maxfx (~maxfx@ip-78-45-218-123.net.upcbroadband.cz) quit Read error: Operation timed out
[2018-04-26 01:12:16] * eadler (~user@c-67-188-9-244.hsd1.ca.comcast.net) quit /dev/null is full
[2018-04-26 03:14:41] * eadler (~user@2601:645:8100:1ae4:8082:6ffd:4a41:978f) join
[2018-04-26 03:15:24] * eadler (~user@2601:645:8100:1ae4:8082:6ffd:4a41:978f) quit Client Quit
[2018-04-26 03:17:28] * eadler (~user@c-67-188-9-244.hsd1.ca.comcast.net) join
[2018-04-26 03:18:44] * eadler (~user@c-67-188-9-244.hsd1.ca.comcast.net) quit Client Quit
[2018-04-26 03:20:10] * eadler (~user@c-67-188-9-244.hsd1.ca.comcast.net) join
[2018-04-26 03:21:06] * eadler (~user@c-67-188-9-244.hsd1.ca.comcast.net) quit Client Quit
[2018-04-26 03:22:33] * eadler (~user@2601:645:8100:1ae4:2469:84d:8309:26ad) join
[2018-04-26 03:23:13] * eadler (~user@2601:645:8100:1ae4:2469:84d:8309:26ad) quit Client Quit
[2018-04-26 03:25:08] * eadler (~user@c-67-188-9-244.hsd1.ca.comcast.net) join
[2018-04-26 03:25:20] * eadler (~user@c-67-188-9-244.hsd1.ca.comcast.net) quit Client Quit
[2018-04-26 03:26:22] * eadler (~user@2601:645:8100:1ae4:4d90:4ff7:d39a:817c) join
[2018-04-26 03:28:28] * eadler (~user@2601:645:8100:1ae4:4d90:4ff7:d39a:817c) quit Client Quit
[2018-04-26 03:30:34] * eadler (~user@c-67-188-9-244.hsd1.ca.comcast.net) join
[2018-04-26 04:00:45] * capreyon (~Sudhanshu@185.178.50.117) join
[2018-04-26 04:00:45] * capreyon (~Sudhanshu@185.178.50.117) quit Connection closed
[2018-04-26 04:51:53] * bsdimp (~bsdimp@wsip-184-177-160-243.ph.ph.cox.net) join
[2018-04-26 05:12:16] * kristaps (~kristaps@80.89.72.60) quit Read error: Connection reset by peer
[2018-04-26 06:03:28] * ygy (~ygy@108.61.155.229) quit Ping timeout: 312 seconds
[2018-04-26 06:04:12] * AllanJude (ajude@allanjude.bsdbasement.com) quit Ping timeout: 260 seconds
[2018-04-26 06:04:13] * AllanJude (ajude@allanjude.bsdbasement.com) join
[2018-04-26 06:05:20] * ygy (~ygy@108.61.155.229) join
[2018-04-26 06:06:30] * bsdimp (~bsdimp@wsip-184-177-160-243.ph.ph.cox.net) quit Quit: My MacBook Pro has gone to sleep. ZZZzzz…
[2018-04-26 06:26:06] * capreyon (~Sudhanshu@185.178.50.121) join
[2018-04-26 06:38:14] <capreyon> someone please tell me from where I get the email id of my mentor because the mentor assign to me bhyve instructions emulation is changed
[2018-04-26 06:39:18] <capreyon> Anish Gupta please give me your email id
[2018-04-26 06:43:25] * capreyon (~Sudhanshu@185.178.50.121) quit Remote host closed the connection
[2018-04-26 06:54:27] * capreyon (~Sudhanshu@14.139.221.19) join
[2018-04-26 06:55:17] <capreyon> Anish Gupta-> Sir, please give me your email-id
[2018-04-26 07:12:50] <eadler> capreyon: see https://www.freebsd.org/doc/en/articles/contributors/staff-committers.html
[2018-04-26 07:23:29] * capreyon (~Sudhanshu@14.139.221.19) quit Ping timeout: 600 seconds
[2018-04-26 07:32:57] * capreyon (~Sudhanshu@14.139.221.19) join
[2018-04-26 07:36:06] <capreyon> I got it...Thanks eadler
[2018-04-26 08:10:37] * capreyon (~Sudhanshu@14.139.221.19) quit Ping timeout: 252 seconds
[2018-04-26 09:44:06] * eadler (~user@c-67-188-9-244.hsd1.ca.comcast.net) quit /dev/null is full
[2018-04-26 11:25:30] * eadler (~user@2601:645:8100:1ae4:fd23:b693:eb93:c484) join
[2018-04-26 11:27:49] * eadler (~user@2601:645:8100:1ae4:fd23:b693:eb93:c484) quit Client Quit
[2018-04-26 13:42:55] * eadler (~user@2601:645:8100:1ae4:e4a8:9a98:1a0c:213e) join
[2018-04-26 13:52:03] * eadler (~user@2601:645:8100:1ae4:e4a8:9a98:1a0c:213e) quit Ping timeout: 506 seconds
[2018-04-26 14:20:53] * bsdimp (~bsdimp@wsip-184-177-160-243.ph.ph.cox.net) join
[2018-04-26 14:25:49] * bsdimp (~bsdimp@wsip-184-177-160-243.ph.ph.cox.net) quit Client Quit
[2018-04-26 14:34:54] * eadler (~user@c-67-188-9-244.hsd1.ca.comcast.net) join
[2018-04-26 14:39:19] * eadler (~user@c-67-188-9-244.hsd1.ca.comcast.net) quit Read error: Operation timed out
[2018-04-26 14:40:28] * eadler (~user@2601:645:8100:1ae4:a1d0:fac7:59ed:ad1a) join
[2018-04-26 14:48:31] * eax (~user@c-67-188-9-244.hsd1.ca.comcast.net) join
[2018-04-26 14:49:41] * eadler (~user@2601:645:8100:1ae4:a1d0:fac7:59ed:ad1a) quit Ping timeout: 506 seconds
[2018-04-26 14:50:50] * eax (~user@c-67-188-9-244.hsd1.ca.comcast.net) quit Client Quit
[2018-04-26 14:53:10] * eadler (~user@c-67-188-9-244.hsd1.ca.comcast.net) join
[2018-04-26 14:57:35] * eadler (~user@c-67-188-9-244.hsd1.ca.comcast.net) quit Client Quit
[2018-04-26 14:59:48] * eadler (~user@2601:645:8100:1ae4:1966:2f36:50c0:1640) join
[2018-04-26 15:01:00] * tomoyat1 (~tomoyat1@tomoyat1.com) quit Quit: ZNC 1.6.5 - http://znc.in
[2018-04-26 15:01:19] * tomoyat1 (~tomoyat1@tomoyat1.com) join
[2018-04-26 16:28:40] * eadler (~user@2601:645:8100:1ae4:1966:2f36:50c0:1640) quit Quit: /dev/null is full
[2018-04-26 18:10:38] * maxfx (~maxfx@ip-78-45-218-123.net.upcbroadband.cz) join
[2018-04-26 18:17:06] <aniketp41> Hello! I wanted to create a page for my project "Regression Test Suite for Audit Framework" within https://wiki.freebsd.org/SummerOfCode2018/ . Can somebody give me few pointers on how to create a new page?
[2018-04-26 18:17:06] <aniketp41> I have the edit access already and have created my page https://wiki.freebsd.org/AniketPandey . Thanks!
[2018-04-26 21:05:52] * beat (~beat@fenchurch.chruetertee.ch) join
[2018-04-26 21:05:52] * beat_ (~beat@fenchurch.chruetertee.ch) quit Read error: Connection reset by peer
[2018-04-26 21:11:26] * beat (~beat@fenchurch.chruetertee.ch) quit Read error: Connection reset by peer
[2018-04-26 21:11:37] * maxfx (~maxfx@ip-78-45-218-123.net.upcbroadband.cz) quit Read error: Operation timed out
[2018-04-26 21:11:41] * beat (~beat@fenchurch.chruetertee.ch) join
[2018-04-26 21:14:56] * gavin (~ga9@buffy.york.ac.uk) quit Ping timeout: 319 seconds
[2018-04-26 21:16:32] * AllanJude (ajude@allanjude.bsdbasement.com) quit No Ping reply in 180 seconds.
[2018-04-26 21:18:58] * AllanJude (~allan@allanjude.bsdbasement.com) join
[2018-04-26 21:24:11] * gavin (~ga9@buffy.york.ac.uk) join
[2018-04-26 21:44:59] * eadler (~user@c-67-188-9-244.hsd1.ca.comcast.net) join
[2018-04-27 00:11:47] * bsdimp (~bsdimp@ip67-155-240-118.z240-155-67.customer.algx.net) join
[2018-04-27 00:14:34] * bsdimp_ (~bsdimp@ip67-155-240-118.z240-155-67.customer.algx.net) join
[2018-04-27 00:16:25] * bsdimp (~bsdimp@ip67-155-240-118.z240-155-67.customer.algx.net) quit Ping timeout: 252 seconds
[2018-04-27 00:51:50] * bsdimp_ (~bsdimp@ip67-155-240-118.z240-155-67.customer.algx.net) quit Quit: My MacBook Pro has gone to sleep. ZZZzzz…
[2018-04-27 02:29:13] * bsdimp (~bsdimp@75.104.69.30) join
[2018-04-27 02:40:40] * bsdimp (~bsdimp@75.104.69.30) quit Quit: My MacBook Pro has gone to sleep. ZZZzzz…
[2018-04-27 02:45:09] * bsdimp (~bsdimp@75.104.69.30) join
[2018-04-27 02:51:54] * bsdimp (~bsdimp@75.104.69.30) quit Quit: My MacBook Pro has gone to sleep. ZZZzzz…
[2018-04-27 04:04:57] * bsdimp (~bsdimp@2603:300b:6:5100:1052:acc7:f9de:2b6d) join
[2018-04-27 04:31:45] * bsdimp (~bsdimp@2603:300b:6:5100:1052:acc7:f9de:2b6d) quit Quit: My MacBook Pro has gone to sleep. ZZZzzz…
[2018-04-27 04:49:12] * bsdimp (~bsdimp@2603:300b:6:5100:1052:acc7:f9de:2b6d) join
[2018-04-27 05:18:39] * bsdimp (~bsdimp@2603:300b:6:5100:1052:acc7:f9de:2b6d) quit Quit: My MacBook Pro has gone to sleep. ZZZzzz…
[2018-04-27 05:20:01] * bsdimp (~bsdimp@50-253-99-174-static.hfc.comcastbusiness.net) join
[2018-04-27 05:26:34] * bsdimp (~bsdimp@50-253-99-174-static.hfc.comcastbusiness.net) quit Quit: My MacBook Pro has gone to sleep. ZZZzzz…
[2018-04-27 06:02:19] * eadler (~user@c-67-188-9-244.hsd1.ca.comcast.net) quit /dev/null is full
[2018-04-27 06:16:42] * eadler (~user@c-67-188-9-244.hsd1.ca.comcast.net) join
[2018-04-27 07:07:16] * eadler (~user@c-67-188-9-244.hsd1.ca.comcast.net) quit Quit: /dev/null is full
[2018-04-27 07:11:23] * eadler (~user@c-67-188-9-244.hsd1.ca.comcast.net) join
[2018-04-27 08:12:34] * eadler (~user@c-67-188-9-244.hsd1.ca.comcast.net) quit /dev/null is full
[2018-04-27 13:00:49] * eadler (~user@2601:645:8100:1ae4:88de:2d87:f162:83ef) join
[2018-04-27 13:01:18] * eadler (~user@2601:645:8100:1ae4:88de:2d87:f162:83ef) quit Client Quit
[2018-04-27 13:04:35] * eadler (~user@c-67-188-9-244.hsd1.ca.comcast.net) join
[2018-04-27 13:31:21] * bsdimp (~bsdimp@2603:300b:6:5100:1052:acc7:f9de:2b6d) join
[2018-04-27 13:42:49] * return0e_ (~return0e@150.237.126.166) join
[2018-04-27 13:47:55] * eadler (~user@c-67-188-9-244.hsd1.ca.comcast.net) quit /dev/null is full
[2018-04-27 14:22:51] * bsdimp (~bsdimp@2603:300b:6:5100:1052:acc7:f9de:2b6d) quit Textual IRC Client: www.textualapp.com
[2018-04-27 14:25:11] * bsdimp (~bsdimp@2603:300b:6:5100:1052:acc7:f9de:2b6d) join
[2018-04-27 14:39:41] * bsdimp (~bsdimp@2603:300b:6:5100:1052:acc7:f9de:2b6d) quit Quit: My MacBook Pro has gone to sleep. ZZZzzz…
[2018-04-27 15:01:00] * tomoyat1 (~tomoyat1@tomoyat1.com) quit Quit: ZNC 1.6.5 - http://znc.in
[2018-04-27 15:01:20] * tomoyat1 (~tomoyat1@tomoyat1.com) join
[2018-04-27 16:10:23] * bsdimp (~bsdimp@2603:300b:6:5100:1052:acc7:f9de:2b6d) join
[2018-04-27 17:07:04] * maxfx (~maxfx@ip-78-45-218-123.net.upcbroadband.cz) join
[2018-04-27 17:33:16] * maxfx (~maxfx@ip-78-45-218-123.net.upcbroadband.cz) quit Read error: Operation timed out
[2018-04-27 17:53:56] * lakhan (webchat@223.237.2.107) join
[2018-04-27 18:14:58] * lakhan (webchat@223.237.2.107) quit Quit: Page closed
[2018-04-27 19:07:06] * pleb (~luserx0@adsl-223.79.107.76.tellas.gr) join
[2018-04-27 19:08:00] * pleb (~luserx0@adsl-223.79.107.76.tellas.gr) quit Client Quit
[2018-04-27 19:08:30] * pleb (~luserx0@adsl-223.79.107.76.tellas.gr) join
[2018-04-27 19:10:02] * luserx0 (~luserx0@81.92.48.95) quit Read error: Operation timed out
[2018-04-27 19:17:12] * imm_ (~imm_@dh207-10-6.xnet.hr) quit Quit: leaving
[2018-04-27 19:50:58] * pleb (~luserx0@adsl-223.79.107.76.tellas.gr) quit Remote host closed the connection
[2018-04-27 19:51:20] * pleb (~luserx0@adsl-223.79.107.76.tellas.gr) join
[2018-04-27 20:17:03] * bsdimp (~bsdimp@2603:300b:6:5100:1052:acc7:f9de:2b6d) quit Quit: My MacBook Pro has gone to sleep. ZZZzzz…
[2018-04-27 20:19:26] * return0e_ (~return0e@150.237.126.166) quit Quit: Leaving...
[2018-04-27 20:58:37] * bsdimp (~bsdimp@2603:300b:6:5100:1052:acc7:f9de:2b6d) join
[2018-04-27 21:23:00] * maxfx (~maxfx@ip-78-45-218-123.net.upcbroadband.cz) join
[2018-04-27 22:31:06] * maxfx (~maxfx@ip-78-45-218-123.net.upcbroadband.cz) quit Read error: Operation timed out
[2018-04-28 00:33:47] * bsdimp (~bsdimp@2603:300b:6:5100:1052:acc7:f9de:2b6d) quit Quit: My MacBook Pro has gone to sleep. ZZZzzz…
[2018-04-28 00:44:43] * bsdimp (~bsdimp@2603:300b:6:5100:1052:acc7:f9de:2b6d) join
[2018-04-28 01:01:23] * eadler (~user@67.188.9.244) join
[2018-04-28 02:25:46] * AllanJude (~allan@allanjude.bsdbasement.com) quit Ping timeout: 241 seconds
[2018-04-28 02:27:23] * gavin (~ga9@buffy.york.ac.uk) quit Ping timeout: 319 seconds
[2018-04-28 02:29:02] * AllanJude (~allan@allanjude.bsdbasement.com) join
[2018-04-28 02:34:53] * gavin (~ga9@buffy.york.ac.uk) join
[2018-04-28 03:19:32] * bsdimp (~bsdimp@2603:300b:6:5100:1052:acc7:f9de:2b6d) quit Quit: My MacBook Pro has gone to sleep. ZZZzzz…
[2018-04-28 03:25:06] * bsdimp (~bsdimp@2603:300b:6:5100:1052:acc7:f9de:2b6d) join
[2018-04-28 03:29:40] * bsdimp (~bsdimp@2603:300b:6:5100:1052:acc7:f9de:2b6d) quit Client Quit
[2018-04-28 03:37:39] * bsdimp (~bsdimp@2603:300b:6:5100:1052:acc7:f9de:2b6d) join
[2018-04-28 03:44:35] * bsdimp (~bsdimp@2603:300b:6:5100:1052:acc7:f9de:2b6d) quit Quit: My MacBook Pro has gone to sleep. ZZZzzz…
[2018-04-28 07:11:38] * ygy (~ygy@108.61.155.229) quit Ping timeout: 244 seconds
[2018-04-28 07:14:15] * ygy (~ygy@108.61.155.229) join
[2018-04-28 14:20:19] * bsdimp (~bsdimp@2603:300b:6:5100:1052:acc7:f9de:2b6d) join
[2018-04-28 14:43:26] * bsdimp (~bsdimp@2603:300b:6:5100:1052:acc7:f9de:2b6d) quit Quit: My MacBook Pro has gone to sleep. ZZZzzz…
[2018-04-28 15:01:00] * tomoyat1 (~tomoyat1@tomoyat1.com) quit Quit: ZNC 1.6.5 - http://znc.in
[2018-04-28 15:01:18] * tomoyat1 (~tomoyat1@133.130.119.65) join
[2018-04-28 15:10:51] * bsdimp (~bsdimp@2603:300b:6:5100:1052:acc7:f9de:2b6d) join
[2018-04-28 15:54:32] * eadler (~user@67.188.9.244) quit /dev/null is full
[2018-04-28 16:01:23] * eadler (~user@73.93.143.139) join
[2018-04-28 16:57:13] * eadler (~user@73.93.143.139) quit Quit: /dev/null is full
[2018-04-28 17:03:40] * eadler (~user@c-67-188-9-244.hsd1.ca.comcast.net) join
[2018-04-28 17:49:48] * bsdimp (~bsdimp@2603:300b:6:5100:1052:acc7:f9de:2b6d) quit Read error: Connection reset by peer
[2018-04-28 17:50:26] * bsdimp (~bsdimp@2603:300b:6:5100:1052:acc7:f9de:2b6d) join
[2018-04-29 03:14:44] * eadler (~user@c-67-188-9-244.hsd1.ca.comcast.net) quit /dev/null is full
[2018-04-29 04:00:41] * eadler (~user@c-67-188-9-244.hsd1.ca.comcast.net) join
[2018-04-29 04:27:25] * pleb (~luserx0@adsl-223.79.107.76.tellas.gr) quit Quit: Leaving
[2018-04-29 05:03:06] * bsdimp (~bsdimp@2603:300b:6:5100:1052:acc7:f9de:2b6d) quit My MacBook Pro has gone to sleep. ZZZzzz…
[2018-04-29 06:08:20] * beat (~beat@fenchurch.chruetertee.ch) quit Remote host closed the connection
[2018-04-29 06:50:05] * bsdimp (~bsdimp@2603:300b:6:5100:1052:acc7:f9de:2b6d) join
[2018-04-29 06:54:06] * beat (~beat@fenchurch.chruetertee.ch) join
[2018-04-29 07:57:28] * bsdimp (~bsdimp@2603:300b:6:5100:1052:acc7:f9de:2b6d) quit Quit: My MacBook Pro has gone to sleep. ZZZzzz…
[2018-04-29 09:32:44] * luserx0 (~luserx0@adsl-156.91.140.36.tellas.gr) join
[2018-04-29 12:25:10] * return0e (~return0e@5-198-102-244.static.kc.net.uk) quit Quit: Leaving...
[2018-04-29 14:17:48] * bsdimp (~bsdimp@2603:300b:6:5100:1052:acc7:f9de:2b6d) join
[2018-04-29 14:20:31] * maxfx (~maxfx@ip-78-45-218-123.net.upcbroadband.cz) join
[2018-04-29 14:53:25] * maxfx (~maxfx@ip-78-45-218-123.net.upcbroadband.cz) quit Read error: Operation timed out
[2018-04-29 15:01:00] * tomoyat1 (~tomoyat1@133.130.119.65) quit Quit: ZNC 1.6.5 - http://znc.in
[2018-04-29 15:01:18] * tomoyat1 (~tomoyat1@133.130.119.65) join
[2018-04-29 15:37:10] * eadler (~user@c-67-188-9-244.hsd1.ca.comcast.net) quit Quit: /dev/null is full
[2018-04-29 15:44:19] * eadler (~user@73.93.141.93) join
[2018-04-29 16:49:47] * bsdimp (~bsdimp@2603:300b:6:5100:1052:acc7:f9de:2b6d) quit Quit: My MacBook Pro has gone to sleep. ZZZzzz…
[2018-04-29 17:29:26] * eadler (~user@73.93.141.93) quit /dev/null is full
[2018-04-29 17:30:02] * eadler (~user@73.93.141.93) join
[2018-04-29 18:02:33] * eadler (~user@73.93.141.93) quit /dev/null is full
[2018-04-29 18:09:00] * eadler (~user@c-67-188-9-244.hsd1.ca.comcast.net) join
[2018-04-29 18:11:27] * bsdimp (~bsdimp@2603:300b:6:5100:1052:acc7:f9de:2b6d) join
[2018-04-29 20:07:35] * bsdimp (~bsdimp@2603:300b:6:5100:1052:acc7:f9de:2b6d) quit Quit: My MacBook Pro has gone to sleep. ZZZzzz…
[2018-04-29 20:11:54] * bsdimp (~bsdimp@2603:300b:6:5100:1052:acc7:f9de:2b6d) join
[2018-04-29 20:12:50] * maxfx (~maxfx@ip-78-45-218-123.net.upcbroadband.cz) join
[2018-04-29 20:25:47] * bsdimp (~bsdimp@2603:300b:6:5100:1052:acc7:f9de:2b6d) quit My MacBook Pro has gone to sleep. ZZZzzz…
[2018-04-29 20:27:03] * bsdimp (~bsdimp@2603:300b:6:5100:1052:acc7:f9de:2b6d) join
[2018-04-29 21:12:55] * bsdimp (~bsdimp@2603:300b:6:5100:1052:acc7:f9de:2b6d) quit Quit: My MacBook Pro has gone to sleep. ZZZzzz…
[2018-04-29 22:13:19] * maxfx (~maxfx@ip-78-45-218-123.net.upcbroadband.cz) quit Read error: Operation timed out
[2018-04-29 23:55:47] * ygy (~ygy@108.61.155.229) quit Ping timeout: 268 seconds
[2018-04-29 23:56:27] * ygy (~ygy@108.61.155.229) join
[2018-04-30 00:28:20] * lwhsu (lwhsu@v.lwhsu.org) quit west.us.hub irc.Prison.NET
[2018-04-30 00:39:45] * lwhsu (lwhsu@v.lwhsu.org) join
[2018-04-30 01:55:52] * eadler (~user@c-67-188-9-244.hsd1.ca.comcast.net) quit /dev/null is full
[2018-04-30 02:07:50] * eadler (~user@c-67-188-9-244.hsd1.ca.comcast.net) join
[2018-04-30 02:14:38] * bsdimp (~bsdimp@2603:300b:6:5100:1052:acc7:f9de:2b6d) join
[2018-04-30 02:59:24] * bsdimp (~bsdimp@2603:300b:6:5100:1052:acc7:f9de:2b6d) quit Read error: Connection reset by peer
[2018-04-30 03:00:02] * bsdimp (~bsdimp@2603:300b:6:5100:1052:acc7:f9de:2b6d) join
[2018-04-30 03:09:16] * bsdimp (~bsdimp@2603:300b:6:5100:1052:acc7:f9de:2b6d) quit My MacBook Pro has gone to sleep. ZZZzzz…
[2018-04-30 03:11:43] * bsdimp (~bsdimp@2603:300b:6:5100:1052:acc7:f9de:2b6d) join
[2018-04-30 04:20:04] * bsdimp (~bsdimp@2603:300b:6:5100:1052:acc7:f9de:2b6d) quit Quit: My MacBook Pro has gone to sleep. ZZZzzz…
[2018-04-30 04:21:33] * bsdimp (~bsdimp@2603:300b:6:5100:1052:acc7:f9de:2b6d) join
[2018-04-30 04:27:20] * bsdimp (~bsdimp@2603:300b:6:5100:1052:acc7:f9de:2b6d) quit Quit: My MacBook Pro has gone to sleep. ZZZzzz…
[2018-04-30 04:40:57] * bsdimp (~bsdimp@2603:300b:6:5100:1052:acc7:f9de:2b6d) join
[2018-04-30 05:18:05] * bsdimp (~bsdimp@2603:300b:6:5100:1052:acc7:f9de:2b6d) quit Quit: My MacBook Pro has gone to sleep. ZZZzzz…
[2018-04-30 05:18:40] * bsdimp (~bsdimp@2603:300b:6:5100:1052:acc7:f9de:2b6d) join
[2018-04-30 05:50:44] * pleb (~luserx0@adsl-51.79.107.89.tellas.gr) join
[2018-04-30 05:52:42] * luserx0 (~luserx0@adsl-156.91.140.36.tellas.gr) quit Read error: Operation timed out
[2018-04-30 07:18:47] * maxfx (~maxfx@ip-78-45-218-123.net.upcbroadband.cz) join
[2018-04-30 08:42:55] * maxfx (~maxfx@ip-78-45-218-123.net.upcbroadband.cz) quit Read error: Operation timed out
[2018-04-30 13:03:34] * bsdimp (~bsdimp@2603:300b:6:5100:1052:acc7:f9de:2b6d) quit My MacBook Pro has gone to sleep. ZZZzzz…
[2018-04-30 14:50:07] * bsdimp (~bsdimp@50.227.106.226) join
[2018-04-30 14:57:16] * aniketp41 (~aniketp41@159.65.149.37) join
[2018-04-30 14:57:16] * undefined topic FreeBSD is in GSoC2018! Accepted projects will be announced 23rd April
[2018-04-30 14:57:16] * gavin topic_set_by
[2018-05-03 18:55:41] * aniketp41 (~aniketp41@159.65.149.37) join
[2018-05-03 18:55:41] * undefined topic FreeBSD is in GSoC2018! Accepted projects will be announced 23rd April
[2018-05-03 18:55:41] * gavin topic_set_by
[2018-05-03 19:47:47] * bsdimp (~bsdimp@2603:300b:6:5100:1052:acc7:f9de:2b6d) quit Quit: My MacBook Pro has gone to sleep. ZZZzzz…
[2018-05-03 19:48:31] * bsdimp (~bsdimp@2603:300b:6:5100:1052:acc7:f9de:2b6d) join
[2018-05-03 19:48:34] * bsdimp (~bsdimp@2603:300b:6:5100:1052:acc7:f9de:2b6d) quit Client Quit
[2018-05-03 19:50:22] * bsdimp (~bsdimp@2603:300b:6:5100:1052:acc7:f9de:2b6d) join
[2018-05-03 21:38:38] * bsdimp (~bsdimp@2603:300b:6:5100:1052:acc7:f9de:2b6d) quit My MacBook Pro has gone to sleep. ZZZzzz…
[2018-05-03 21:40:57] * maxfx (~maxfx@ip-78-45-218-123.net.upcbroadband.cz) quit Read error: Operation timed out
[2018-05-03 21:45:04] * bsdimp (~bsdimp@2603:300b:6:5100:1052:acc7:f9de:2b6d) join
[2018-05-03 22:58:24] * bsdimp (~bsdimp@2603:300b:6:5100:1052:acc7:f9de:2b6d) quit Quit: My MacBook Pro has gone to sleep. ZZZzzz…
[2018-05-03 23:04:11] * a3f (~a3f@HSI-KBW-46-223-128-76.hsi.kabel-badenwuerttemberg.de) quit My MacBook has gone to sleep. ZZZzzz…
[2018-05-03 23:04:42] * a3f (~a3f@HSI-KBW-46-223-128-76.hsi.kabel-badenwuerttemberg.de) join
[2018-05-03 23:04:57] * a3f (~a3f@HSI-KBW-46-223-128-76.hsi.kabel-badenwuerttemberg.de) quit Client Quit
[2018-05-03 23:05:23] * a3f (~a3f@HSI-KBW-46-223-128-76.hsi.kabel-badenwuerttemberg.de) join
[2018-05-03 23:05:43] * a3f (~a3f@HSI-KBW-46-223-128-76.hsi.kabel-badenwuerttemberg.de) quit Client Quit
[2018-05-03 23:06:12] * a3f (~a3f@HSI-KBW-46-223-128-76.hsi.kabel-badenwuerttemberg.de) join
[2018-05-03 23:22:26] * a3f (~a3f@HSI-KBW-46-223-128-76.hsi.kabel-badenwuerttemberg.de) quit Quit: My MacBook has gone to sleep. ZZZzzz…
[2018-05-03 23:23:38] * a3f (~a3f@HSI-KBW-46-223-128-76.hsi.kabel-badenwuerttemberg.de) join
[2018-05-03 23:23:59] * a3f (~a3f@HSI-KBW-46-223-128-76.hsi.kabel-badenwuerttemberg.de) quit Client Quit
[2018-05-03 23:24:28] * a3f (~a3f@HSI-KBW-46-223-128-76.hsi.kabel-badenwuerttemberg.de) join
[2018-05-03 23:24:46] * a3f (~a3f@HSI-KBW-46-223-128-76.hsi.kabel-badenwuerttemberg.de) quit Client Quit
[2018-05-03 23:25:12] * a3f (~a3f@HSI-KBW-46-223-128-76.hsi.kabel-badenwuerttemberg.de) join
[2018-05-03 23:25:32] * a3f (~a3f@HSI-KBW-46-223-128-76.hsi.kabel-badenwuerttemberg.de) quit Client Quit
[2018-05-04 02:57:08] * eax (~user@c-67-188-9-244.hsd1.ca.comcast.net) quit /dev/null is full
[2018-05-04 03:32:05] * eadler (~user@c-67-188-9-244.hsd1.ca.comcast.net) join
[2018-05-04 03:32:40] * eadler (~user@c-67-188-9-244.hsd1.ca.comcast.net) quit Client Quit
[2018-05-04 03:47:51] * eadler (~user@c-67-188-9-244.hsd1.ca.comcast.net) join
[2018-05-04 03:49:21] * eadler (~user@c-67-188-9-244.hsd1.ca.comcast.net) quit Client Quit
[2018-05-04 03:57:03] * eadler (~user@c-67-188-9-244.hsd1.ca.comcast.net) join
[2018-05-04 03:58:01] * eadler (~user@c-67-188-9-244.hsd1.ca.comcast.net) quit Client Quit
[2018-05-04 03:59:11] * eadler (~user@c-67-188-9-244.hsd1.ca.comcast.net) join
[2018-05-04 03:59:53] * eadler (~user@c-67-188-9-244.hsd1.ca.comcast.net) quit Client Quit
[2018-05-04 04:06:44] * eadler (~user@c-67-188-9-244.hsd1.ca.comcast.net) join
[2018-05-04 04:16:13] * eadler (~user@c-67-188-9-244.hsd1.ca.comcast.net) quit Read error: Operation timed out
[2018-05-04 04:35:52] * eadler (~user@c-67-188-9-244.hsd1.ca.comcast.net) join
[2018-05-04 05:10:09] * eadler (~user@c-67-188-9-244.hsd1.ca.comcast.net) quit /dev/null is full
[2018-05-04 05:11:14] * eadler (~user@c-67-188-9-244.hsd1.ca.comcast.net) join
[2018-05-04 05:12:16] * eadler (~user@c-67-188-9-244.hsd1.ca.comcast.net) quit Client Quit
[2018-05-04 05:13:08] * bsdimp (~bsdimp@2603:300b:6:5100:1052:acc7:f9de:2b6d) join
[2018-05-04 05:14:16] * eadler (~user@c-67-188-9-244.hsd1.ca.comcast.net) join
[2018-05-04 05:14:31] * a3f (~a3f@HSI-KBW-46-223-128-76.hsi.kabel-badenwuerttemberg.de) join
[2018-05-04 05:32:03] * eadler (~user@c-67-188-9-244.hsd1.ca.comcast.net) quit /dev/null is full
[2018-05-13 14:37:15] * aniketp41 (~aniketp41@159.65.149.37) join
[2018-05-13 14:37:15] * undefined topic FreeBSD is in GSoC2018! Accepted projects will be announced 23rd April
[2018-05-13 14:37:15] * gavin topic_set_by
[2018-05-13 15:01:00] * tomoyat1 (~tomoyat1@133.130.119.65) quit Quit: ZNC 1.6.5 - http://znc.in
[2018-05-13 15:01:17] * tomoyat1 (~tomoyat1@tomoyat1.com) join
[2018-05-13 16:01:18] * joneum (~joneum@static.22.88.201.138.clients.your-server.de) quit Connection closed
[2018-05-13 17:41:23] * eadler (~user@2601:645:8100:1ae4:6535:2ace:7d9f:5050) join
[2018-05-13 17:50:35] * eadler (~user@2601:645:8100:1ae4:6535:2ace:7d9f:5050) quit Quit: /dev/null is full
[2018-05-13 17:54:20] * imm__ (~imm_@dh207-95-82.xnet.hr) join
[2018-05-13 17:54:59] * imm_ (~imm_@dh207-34-192.xnet.hr) quit Read error: Operation timed out
[2018-05-14 11:17:06] * aniketp41 (~aniketp41@159.65.149.37) join
[2018-05-14 11:17:06] * undefined topic FreeBSD is in GSoC2018! Accepted projects will be announced 23rd April
[2018-05-14 11:17:06] * gavin topic_set_by
[2018-05-14 11:19:22] <aniketp41> Hi, my svn account was created and I tried to make my user directory within https://socsvn.freebsd.org/socsvn/soc2018/ but instead I was denied access:
[2018-05-14 11:19:22] <aniketp41> svn: E175013: Access to '/socsvn/!svn/txr/337226-78a9/soc2018/aniketp' forbidden
[2018-05-14 11:19:22] <aniketp41> svn: E175013: Your commit message was left in a temporary file:
[2018-05-14 11:19:39] <aniketp41> Can somebody help me in this regard?
[2018-05-14 12:47:50] <aniketp41> ping @gavin 
[2018-05-14 13:09:18] * bsdimp (~bsdimp@2603:300b:6:5100:1052:acc7:f9de:2b6d) join
[2018-05-14 15:01:00] * tomoyat1 (~tomoyat1@tomoyat1.com) quit Quit: ZNC 1.6.5 - http://znc.in
[2018-05-14 15:01:17] * tomoyat1 (~tomoyat1@133.130.119.65) join
[2018-05-14 15:33:05] * bsdimp (~bsdimp@2603:300b:6:5100:1052:acc7:f9de:2b6d) quit My MacBook Pro has gone to sleep. ZZZzzz…
[2018-05-14 15:56:19] * bsdimp (~bsdimp@2603:300b:6:5100:1052:acc7:f9de:2b6d) join
[2018-05-14 16:38:11] * bsdimp (~bsdimp@2603:300b:6:5100:1052:acc7:f9de:2b6d) quit My MacBook Pro has gone to sleep. ZZZzzz…
[2018-05-14 16:44:10] * bsdimp (~bsdimp@2603:300b:6:5100:1052:acc7:f9de:2b6d) join
[2018-05-14 17:49:45] * bsdimp (~bsdimp@2603:300b:6:5100:1052:acc7:f9de:2b6d) quit My MacBook Pro has gone to sleep. ZZZzzz…
[2018-05-14 17:51:20] * bsdimp (~bsdimp@2603:300b:6:5100:1052:acc7:f9de:2b6d) join
[2018-05-14 19:42:59] * a3f (~a3f@HSI-KBW-046-005-002-076.hsi8.kabel-badenwuerttemberg.de) join
[2018-05-14 20:22:19] * a3f (~a3f@HSI-KBW-046-005-002-076.hsi8.kabel-badenwuerttemberg.de) quit Read error: Connection reset by peer
[2018-05-14 20:44:28] * maxfx (~maxfx@ip-78-45-218-123.net.upcbroadband.cz) join
[2018-05-14 21:28:28] <gavin> aniketp41: Hey
[2018-05-14 21:28:49] <gavin> aniketp41: Let me take a look at that.  Did it ask you for your password?
[2018-05-14 21:30:28] <gavin> aniketp41: Seen your email too, I'll update the alias
[2018-05-14 21:39:33] <aniketp41> Yes @gavin, initially it asked for "root" password for which I simply hit "Enter", as you had mentioned in the Wiki. After that it asks for my username and password following which, the access is denied
[2018-05-14 22:15:54] * maxfx (~maxfx@ip-78-45-218-123.net.upcbroadband.cz) quit Read error: Operation timed out
[2018-05-14 22:42:16] <gavin> aniketp41: Can you show me the command you were using please?
[2018-05-14 22:53:44] <aniketp41> Hello @gavin, I used this command: svn mkdir https://socsvn.freebsd.org/socsvn/soc2018/aniketp as mentioned in a wiki
[2018-05-14 22:54:48] <aniketp41> Also,  thanks for updating my alias!
[2018-05-14 23:08:47] * luserx0 (~luserx0@2a02:582:1085:e900:f96c:dfcb:ef86:22f4) quit Read error: Connection reset by peer
[2018-05-14 23:08:49] * luserx0 (~luserx0@2a02:582:1085:e900:f96c:dfcb:ef86:22f4) join
[2018-05-14 23:09:23] * luserx0 (~luserx0@2a02:582:1085:e900:f96c:dfcb:ef86:22f4) quit Client Quit
[2018-05-14 23:21:41] * eadler (~user@c-67-188-9-244.hsd1.ca.comcast.net) join
[2018-05-14 23:22:33] * luserx0 (~luserx0@athedsl-4495658.home.otenet.gr) join
[2018-05-15 00:25:16] * Allan_ (ajude@allanjude.bsdbasement.com) join
[2018-05-15 00:31:00] * AllanJude (ajude@allanjude.bsdbasement.com) quit Read error: Operation timed out
[2018-05-15 00:32:43] * AllanJude (ajude@allanjude.bsdbasement.com) join
[2018-05-15 00:34:17] * Allan_ (ajude@allanjude.bsdbasement.com) quit Read error: Operation timed out
[2018-05-15 00:36:27] * Allan_ (ajude@allanjude.bsdbasement.com) join
[2018-05-15 00:42:45] * AllanJude (ajude@allanjude.bsdbasement.com) quit Read error: Operation timed out
[2018-05-15 00:47:25] * AllanJude (ajude@allanjude.bsdbasement.com) join
[2018-05-15 00:49:59] * Allan_ (ajude@allanjude.bsdbasement.com) quit Ping timeout: 246 seconds
[2018-05-15 00:53:23] * Allan_ (ajude@allanjude.bsdbasement.com) join
[2018-05-15 00:59:17] * AllanJude (ajude@allanjude.bsdbasement.com) quit Read error: Operation timed out
[2018-05-15 01:09:42] * AllanJude (~allan@allanjude.bsdbasement.com) join
[2018-05-15 01:13:20] * Allan_ (ajude@allanjude.bsdbasement.com) quit Read error: Operation timed out
[2018-05-15 01:29:35] * Allan_ (ajude@allanjude.bsdbasement.com) join
[2018-05-15 01:35:53] * AllanJude (~allan@allanjude.bsdbasement.com) quit Read error: Operation timed out
[2018-05-15 03:07:35] * AllanJude (ajude@allanjude.bsdbasement.com) join
[2018-05-15 03:11:45] * Allan_ (ajude@allanjude.bsdbasement.com) quit Read error: Operation timed out
[2018-05-15 03:21:48] * Allan_ (ajude@allanjude.bsdbasement.com) join
[2018-05-15 03:24:20] * AllanJude (ajude@allanjude.bsdbasement.com) quit Ping timeout: 246 seconds
[2018-05-15 04:08:59] * Allan_ nick AllanJude
[2018-05-15 04:22:07] * eadler (~user@c-67-188-9-244.hsd1.ca.comcast.net) quit /dev/null is full
[2018-05-15 05:30:02] * bsdimp (~bsdimp@2603:300b:6:5100:1052:acc7:f9de:2b6d) quit My MacBook Pro has gone to sleep. ZZZzzz…
[2018-05-15 09:21:56] * lwhsu (lwhsu@v.lwhsu.org) quit Read error: Connection reset by peer
[2018-05-15 09:27:15] * lwhsu (lwhsu@v.lwhsu.org) join
[2018-05-15 09:32:51] * lwhsu (lwhsu@v.lwhsu.org) quit west.us.hub irc.Prison.NET
[2018-05-15 09:38:11] * lwhsu (lwhsu@v.lwhsu.org) join
[2018-05-15 10:07:32] * pleb (~luserx0@2a02:582:1085:e900:618d:93ef:5a36:aadd) join
[2018-05-15 10:11:38] * luserx0 (~luserx0@athedsl-4495658.home.otenet.gr) quit Ping timeout: 360 seconds
[2018-05-15 10:33:39] <aniketp41> ping @gavin 
[2018-05-15 12:06:11] <gavin> aniketp41: Hey
[2018-05-15 12:06:19] * pleb (~luserx0@2a02:582:1085:e900:618d:93ef:5a36:aadd) quit Ping timeout: 252 seconds
[2018-05-15 12:07:03] <aniketp41> Hello @gavin, I had earlier mentioned the command I used for creating my directory within /soc2018
[2018-05-15 12:07:21] <aniketp41> Command: "svn mkdir https://socsvn.freebsd.org/socsvn/soc2018/aniketp"
[2018-05-15 12:17:23] <gavin> aniketp41: Thanks.  I can't see anything wrong with the config, so I'm not quite sure what's wrong.  I'm going to look in more depth in the next hour hopefully
[2018-05-15 12:17:28] <gavin> aniketp41: Sorry about this
[2018-05-15 12:39:21] <gavin> aniketp41: I'm really confused by this
[2018-05-15 12:39:38] <gavin> aniketp41: Could you test something for me please?  "svn mkdir https://socsvn.freebsd.org/socsvn/soc2014/aniketp"
[2018-05-15 12:40:17] <gavin> aniketp41: I know you're not in 2014, I'm just trying to figure out what's happening (we used to do authentication and permissions in a different way in 2014 so it will rule something out)
[2018-05-15 13:14:32] <aniketp41> Hi @gavin, 2014 worked! Here is the directory: https://svnweb.freebsd.org/socsvn/soc2014/aniketp/
[2018-05-15 13:20:06] * bsdimp (~bsdimp@2603:300b:6:5100:1052:acc7:f9de:2b6d) join
[2018-05-15 13:20:57] <gavin> aniketp41: OK, thank you for testing.  Are you able to test another thing for me?
[2018-05-15 13:22:43] <aniketp41> @gavin, sure. Please tell me what to test 
[2018-05-15 13:25:07] <gavin> aniketp41: Could you try with soc2018 again please?
[2018-05-15 13:26:29] <aniketp41> Hello @gavin, this time I couldn't access the repository:
[2018-05-15 13:26:29] <aniketp41> svn: E170013: Unable to connect to a repository at URL 'https://socsvn.freebsd.org/socsvn/soc2018'
[2018-05-15 13:26:29] <aniketp41> svn: E175013: Access to '/socsvn/soc2018' forbidden
[2018-05-15 13:26:29] <aniketp41> svn: E170013: Your commit message was left in a temporary file:
[2018-05-15 13:27:51] <gavin> aniketp41: Thanks.
[2018-05-15 13:29:16] <gavin> aniketp41: How about not?
[2018-05-15 13:29:18] <gavin> aniketp41: How about now?
[2018-05-15 13:30:02] <aniketp41> Thanks for the help @gavin, I could create my user directory now! https://svnweb.freebsd.org/socsvn/soc2018/aniketp/
[2018-05-15 13:31:44] <gavin> aniketp41: Interesting.  I really don't understand this, but I think I'll leave it like that for now
[2018-05-15 13:31:57] <gavin> aniketp41: And figure this out after GSoC has finished
[2018-05-15 13:32:11] <gavin> aniketp41: Thank you for your help, and sorry it took so long
[2018-05-15 15:01:00] * tomoyat1 (~tomoyat1@133.130.119.65) quit Quit: ZNC 1.6.5 - http://znc.in
[2018-05-15 15:01:16] * tomoyat1 (~tomoyat1@tomoyat1.com) join
[2018-05-15 16:06:08] * bsdimp (~bsdimp@2603:300b:6:5100:1052:acc7:f9de:2b6d) quit Quit: My MacBook Pro has gone to sleep. ZZZzzz…
[2018-05-15 16:11:17] * bsdimp (~bsdimp@2603:300b:6:5100:1052:acc7:f9de:2b6d) join
[2018-05-15 16:12:18] * bsdimp (~bsdimp@2603:300b:6:5100:1052:acc7:f9de:2b6d) quit Client Quit
[2018-05-15 16:19:51] * bsdimp (~bsdimp@2603:300b:6:5100:1052:acc7:f9de:2b6d) join
[2018-05-15 16:32:14] * bsdimp (~bsdimp@2603:300b:6:5100:1052:acc7:f9de:2b6d) quit Quit: My MacBook Pro has gone to sleep. ZZZzzz…
[2018-05-15 16:34:10] * bsdimp (~bsdimp@2603:300b:6:5100:1052:acc7:f9de:2b6d) join
[2018-05-15 17:42:06] * bsdimp (~bsdimp@2603:300b:6:5100:1052:acc7:f9de:2b6d) quit Quit: My MacBook Pro has gone to sleep. ZZZzzz…
[2018-05-15 17:55:08] * bsdimp (~bsdimp@2603:300b:6:5100:1052:acc7:f9de:2b6d) join
[2018-05-15 18:37:50] * bsdimp (~bsdimp@2603:300b:6:5100:1052:acc7:f9de:2b6d) quit Quit: My MacBook Pro has gone to sleep. ZZZzzz…
[2018-05-15 18:52:26] * bsdimp (~bsdimp@2603:300b:6:5100:1052:acc7:f9de:2b6d) join
[2018-05-15 19:12:36] * bsdimp (~bsdimp@2603:300b:6:5100:1052:acc7:f9de:2b6d) quit Quit: My MacBook Pro has gone to sleep. ZZZzzz…
[2018-05-15 19:20:23] * bsdimp (~bsdimp@2603:300b:6:5100:1052:acc7:f9de:2b6d) join
[2018-05-15 19:36:36] * bsdimp (~bsdimp@2603:300b:6:5100:1052:acc7:f9de:2b6d) quit My MacBook Pro has gone to sleep. ZZZzzz…
[2018-05-15 19:39:46] * bsdimp (~bsdimp@2603:300b:6:5100:1052:acc7:f9de:2b6d) join
[2018-05-15 21:05:18] * maxfx (~maxfx@ip-78-45-218-123.net.upcbroadband.cz) join
[2018-05-15 22:21:23] * maxfx (~maxfx@ip-78-45-218-123.net.upcbroadband.cz) quit Read error: Operation timed out
[2018-05-15 22:47:15] * luserx0 (~luserx0@athedsl-4495658.home.otenet.gr) join
[2018-05-15 22:47:23] * luserx0 (~luserx0@athedsl-4495658.home.otenet.gr) quit Client Quit
[2018-05-15 22:48:53] * luserx0 (~luserx0@athedsl-4495658.home.otenet.gr) join
[2018-05-15 23:12:15] * bsdimp (~bsdimp@2603:300b:6:5100:1052:acc7:f9de:2b6d) quit Quit: My MacBook Pro has gone to sleep. ZZZzzz…
[2018-05-15 23:14:23] * luserx0 (~luserx0@athedsl-4495658.home.otenet.gr) quit Ping timeout: 252 seconds
[2018-05-15 23:29:23] * luserx0 (~luserx0@athedsl-4495658.home.otenet.gr) join
[2018-05-16 00:08:09] * bsdimp (~bsdimp@2603:300b:6:5100:1052:acc7:f9de:2b6d) join
[2018-05-16 01:10:08] * bsdimp (~bsdimp@2603:300b:6:5100:1052:acc7:f9de:2b6d) quit My MacBook Pro has gone to sleep. ZZZzzz…
[2018-05-16 01:33:13] * bsdimp (~bsdimp@2603:300b:6:5100:1052:acc7:f9de:2b6d) join
[2018-05-16 01:41:18] * bsdimp (~bsdimp@2603:300b:6:5100:1052:acc7:f9de:2b6d) quit Quit: My MacBook Pro has gone to sleep. ZZZzzz…
[2018-05-16 04:08:08] * bsdimp (~bsdimp@2603:300b:6:5100:1052:acc7:f9de:2b6d) join
[2018-05-16 04:10:28] * bsdimp (~bsdimp@2603:300b:6:5100:1052:acc7:f9de:2b6d) quit Client Quit
[2018-05-16 05:46:03] * bsdimp (~bsdimp@2603:300b:6:5100:1052:acc7:f9de:2b6d) join
[2018-05-16 06:18:50] * eadler (~user@2601:645:8100:1ae4:20fb:88a4:1335:b06c) join
[2018-05-16 15:01:00] * tomoyat1 (~tomoyat1@tomoyat1.com) quit Quit: ZNC 1.6.5 - http://znc.in
[2018-05-16 15:01:17] * tomoyat1 (~tomoyat1@tomoyat1.com) join
[2018-05-16 16:48:48] * bsdimp (~bsdimp@2603:300b:6:5100:1052:acc7:f9de:2b6d) quit Read error: Connection reset by peer
[2018-05-16 16:53:49] * bsdimp (~bsdimp@2603:300b:6:5100:1052:acc7:f9de:2b6d) join
[2018-05-16 19:06:37] * maxfx (~maxfx@ip-78-45-218-123.net.upcbroadband.cz) join
[2018-05-16 21:56:40] * jrm (~jrm@gly.ftfl.ca) quit se.hub efnet.portlane.se
[2018-05-16 22:19:16] * maxfx (~maxfx@ip-78-45-218-123.net.upcbroadband.cz) quit Read error: Operation timed out
[2018-05-17 00:18:14] * luserx0 (~luserx0@athedsl-4495658.home.otenet.gr) quit Quit: Leaving
[2018-05-17 00:21:04] * luserx0 (~luserx0@athedsl-4495658.home.otenet.gr) join
[2018-05-17 00:29:40] * eadler (~user@2601:645:8100:1ae4:20fb:88a4:1335:b06c) quit Quit: /dev/null is full
[2018-05-17 01:37:42] * eadler (~user@c-67-188-9-244.hsd1.ca.comcast.net) join
[2018-05-17 05:02:37] * ygy (~ygy@108.61.155.229) join
[2018-05-17 05:41:52] * jrm (~jrm@gly.ftfl.ca) join
[2018-05-17 06:49:54] * dstolfa (ds815@pip.srcf.societies.cam.ac.uk) quit se.hub irc.underworld.no
[2018-05-17 06:50:00] * battlez (~bz@shell.eq4-01.sbone.de) quit se.hub irc.underworld.no
