[2018-04-24 15:01:30] <undefined> Network created, connecting to efnet.port80.se:6697...
[2018-04-24 15:01:37] <undefined> Connected to the network.
[2018-04-24 15:01:38] * efnet.port80.se notice *** Processing connection to efnet.port80.se
[2018-04-24 15:01:38] * efnet.port80.se notice *** Looking up your hostname...
[2018-04-24 15:01:38] * efnet.port80.se notice *** Checking Ident
[2018-04-24 15:01:38] * efnet.port80.se notice *** Couldn't look up your hostname
[2018-04-24 15:01:38] * efnet.port80.se notice *** No Ident response
[2018-04-24 15:01:40] <undefined> Enabled capabilities: multi-prefix
[2018-04-24 15:01:40] <undefined> You're now known as aniketp41
[2018-04-24 15:01:40] * undefined unhandled
[2018-04-24 15:01:40] * undefined unhandled
[2018-04-24 15:01:40] * undefined unhandled
[2018-04-24 15:01:40] * undefined unhandled
[2018-04-24 15:01:40] * undefined unhandled
[2018-04-24 15:01:40] * undefined unhandled
[2018-04-24 15:01:40] * undefined unhandled
[2018-04-24 15:01:40] * undefined unhandled
[2018-04-24 15:01:40] * undefined unhandled
[2018-04-24 15:01:40] * undefined unhandled
[2018-04-24 15:01:40] * undefined unhandled
[2018-05-01 10:36:03] * undefined unhandled
[2018-05-01 10:36:42] <undefined> Disconnected from the network, and will not reconnect. Use /connect to reconnect again.
[2018-05-01 10:37:00] <undefined> Connected to the network.
[2018-05-01 10:37:00] * efnet.port80.se notice *** Processing connection to efnet.port80.se
[2018-05-01 10:37:00] * efnet.port80.se notice *** Looking up your hostname...
[2018-05-01 10:37:00] * efnet.port80.se notice *** Checking Ident
[2018-05-01 10:37:00] * efnet.port80.se notice *** Couldn't look up your hostname
[2018-05-01 10:37:00] * efnet.port80.se notice *** No Ident response
[2018-05-01 10:37:02] <undefined> Enabled capabilities: multi-prefix
[2018-05-01 10:37:02] <undefined> You're now known as aniketp41
[2018-05-01 10:37:02] * undefined unhandled
[2018-05-01 10:37:02] * undefined unhandled
[2018-05-01 10:37:02] * undefined unhandled
[2018-05-01 10:37:02] * undefined unhandled
[2018-05-01 10:37:02] * undefined unhandled
[2018-05-01 10:37:02] * undefined unhandled
[2018-05-01 10:37:02] * undefined unhandled
[2018-05-01 10:37:02] * undefined unhandled
[2018-05-01 10:37:02] * undefined unhandled
[2018-05-01 10:37:02] * undefined unhandled
[2018-05-01 10:37:02] * undefined unhandled
[2018-05-12 16:15:02] * undefined error Closing Link: 159.65.149.37 (Excess Flood) (irc)
[2018-05-12 16:15:02] <undefined> Disconnected from the network. Reconnecting in 10 seconds… (Attempt 1 of 360)
[2018-05-12 16:15:14] <undefined> Connected to the network.
[2018-05-12 16:15:14] * efnet.port80.se notice *** Processing connection to efnet.port80.se
[2018-05-12 16:15:14] * efnet.port80.se notice *** Looking up your hostname...
[2018-05-12 16:15:14] * efnet.port80.se notice *** Checking Ident
[2018-05-12 16:15:14] * efnet.port80.se notice *** Couldn't look up your hostname
[2018-05-12 16:15:14] * efnet.port80.se notice *** No Ident response
[2018-05-12 16:15:14] * undefined error You are already connected.
[2018-05-12 16:15:16] <undefined> Enabled capabilities: multi-prefix
[2018-05-12 16:15:16] <undefined> You're now known as aniketp41
[2018-05-12 16:15:16] * undefined unhandled
[2018-05-12 16:15:16] * undefined unhandled
[2018-05-12 16:15:16] * undefined unhandled
[2018-05-12 16:15:16] * undefined unhandled
[2018-05-12 16:15:16] * undefined unhandled
[2018-05-12 16:15:16] * undefined unhandled
[2018-05-12 16:15:16] * undefined unhandled
[2018-05-12 16:15:16] * undefined unhandled
[2018-05-12 16:15:16] * undefined unhandled
[2018-05-12 16:15:16] * undefined unhandled
[2018-05-12 16:15:16] * undefined unhandled
[2018-05-14 22:52:23] * undefined error Messages can not be sent to lobbies.
[2018-05-17 10:57:36] * undefined unhandled
[2018-05-24 21:43:22] * undefined unhandled
[2018-05-25 18:42:04] <undefined> You're now known as aniketp
[2018-05-30 21:04:59] <undefined> Ping timeout, disconnecting…
[2018-05-30 21:04:59] <undefined> Disconnected from the network. Reconnecting in 10 seconds… (Attempt 1 of 360)
[2018-05-30 21:05:49] <undefined> Disconnected from the network. Reconnecting in 10 seconds… (Attempt 2 of 360)
[2018-05-30 21:06:40] <undefined> Disconnected from the network. Reconnecting in 10 seconds… (Attempt 3 of 360)
[2018-05-30 21:07:30] <undefined> Disconnected from the network. Reconnecting in 10 seconds… (Attempt 4 of 360)
[2018-05-30 21:08:21] <undefined> Disconnected from the network. Reconnecting in 10 seconds… (Attempt 5 of 360)
[2018-05-30 21:08:37] <undefined> Connected to the network.
[2018-05-30 21:08:38] * efnet.port80.se notice *** Processing connection to efnet.port80.se
[2018-05-30 21:08:38] * efnet.port80.se notice *** Looking up your hostname...
[2018-05-30 21:08:38] * efnet.port80.se notice *** Checking Ident
[2018-05-30 21:08:38] * efnet.port80.se notice *** Couldn't look up your hostname
[2018-05-30 21:08:38] * efnet.port80.se notice *** No Ident response
[2018-05-30 21:08:40] <undefined> Enabled capabilities: multi-prefix
[2018-05-30 21:08:40] <undefined> You're now known as aniketp
[2018-05-30 21:08:40] * undefined unhandled
[2018-05-30 21:08:40] * undefined unhandled
[2018-05-30 21:08:40] * undefined unhandled
[2018-05-30 21:08:40] * undefined unhandled
[2018-05-30 21:08:40] * undefined unhandled
[2018-05-30 21:08:40] * undefined unhandled
[2018-05-30 21:08:40] * undefined unhandled
[2018-05-30 21:08:40] * undefined unhandled
[2018-05-30 21:08:40] * undefined unhandled
[2018-05-30 21:08:40] * undefined unhandled
[2018-05-30 21:24:50] <undefined> Ping timeout, disconnecting…
[2018-05-30 21:24:50] <undefined> Disconnected from the network. Reconnecting in 10 seconds… (Attempt 1 of 360)
[2018-05-30 21:25:40] <undefined> Disconnected from the network. Reconnecting in 10 seconds… (Attempt 2 of 360)
[2018-05-30 21:26:02] <undefined> Connected to the network.
[2018-05-30 21:26:03] * efnet.port80.se notice *** Processing connection to efnet.port80.se
[2018-05-30 21:26:03] * efnet.port80.se notice *** Looking up your hostname...
[2018-05-30 21:26:03] * efnet.port80.se notice *** Checking Ident
[2018-05-30 21:26:03] * efnet.port80.se notice *** Couldn't look up your hostname
[2018-05-30 21:26:03] * efnet.port80.se notice *** No Ident response
[2018-05-30 21:26:03] * undefined error aniketp: Nickname is already in use.
[2018-05-30 21:26:33] * undefined unhandled
[2018-05-30 21:26:46] * undefined error Closing Link: 159.65.149.37 (Connection timed out) (irc)
[2018-05-30 21:26:46] <undefined> Disconnected from the network. Reconnecting in 10 seconds… (Attempt 1 of 360)
[2018-05-30 21:26:57] <undefined> Connected to the network.
[2018-05-30 21:26:57] * efnet.port80.se notice *** Processing connection to efnet.port80.se
[2018-05-30 21:26:57] * efnet.port80.se notice *** Looking up your hostname...
[2018-05-30 21:26:57] * efnet.port80.se notice *** Checking Ident
[2018-05-30 21:26:57] * efnet.port80.se notice *** Couldn't look up your hostname
[2018-05-30 21:26:57] * efnet.port80.se notice *** No Ident response
[2018-05-30 21:26:59] <undefined> Enabled capabilities: multi-prefix
[2018-05-30 21:26:59] <undefined> You're now known as aniketp
[2018-05-30 21:26:59] * undefined unhandled
[2018-05-30 21:26:59] * undefined unhandled
[2018-05-30 21:26:59] * undefined unhandled
[2018-05-30 21:26:59] * undefined unhandled
[2018-05-30 21:26:59] * undefined unhandled
[2018-05-30 21:26:59] * undefined unhandled
[2018-05-30 21:26:59] * undefined unhandled
[2018-05-30 21:26:59] * undefined unhandled
[2018-05-30 21:26:59] * undefined unhandled
[2018-05-30 21:26:59] * undefined unhandled
[2018-06-03 22:02:04] * undefined error Messages can not be sent to lobbies.
[2018-06-06 00:11:50] * undefined unhandled
[2018-06-06 03:30:40] <undefined> Ping timeout, disconnecting…
[2018-06-06 03:30:40] <undefined> Disconnected from the network. Reconnecting in 10 seconds… (Attempt 1 of 360)
[2018-06-06 03:33:01] <undefined> Disconnected from the network. Reconnecting in 10 seconds… (Attempt 2 of 360)
[2018-06-06 03:33:44] <undefined> Connected to the network.
[2018-06-06 03:33:44] * efnet.port80.se notice *** Processing connection to efnet.port80.se
[2018-06-06 03:33:44] * efnet.port80.se notice *** Looking up your hostname...
[2018-06-06 03:33:44] * efnet.port80.se notice *** Checking Ident
[2018-06-06 03:33:44] * efnet.port80.se notice *** Couldn't look up your hostname
[2018-06-06 03:33:44] * efnet.port80.se notice *** No Ident response
[2018-06-06 03:33:46] <undefined> Enabled capabilities: multi-prefix
[2018-06-06 03:33:46] <undefined> You're now known as aniketp
[2018-06-06 03:33:46] * undefined unhandled
[2018-06-06 03:33:46] * undefined unhandled
[2018-06-06 03:33:46] * undefined unhandled
[2018-06-06 03:33:46] * undefined unhandled
[2018-06-06 03:33:46] * undefined unhandled
[2018-06-06 03:33:46] * undefined unhandled
[2018-06-06 03:33:46] * undefined unhandled
[2018-06-06 03:33:46] * undefined unhandled
[2018-06-06 03:33:46] * undefined unhandled
[2018-06-06 03:33:46] * undefined unhandled
[2018-06-06 03:33:46] * undefined unhandled
[2018-06-09 02:14:33] <undefined> Ping timeout, disconnecting…
[2018-06-09 02:14:33] <undefined> Disconnected from the network. Reconnecting in 10 seconds… (Attempt 1 of 360)
[2018-06-09 02:14:47] <undefined> Connected to the network.
[2018-06-09 02:14:47] * efnet.port80.se notice *** Processing connection to efnet.port80.se
[2018-06-09 02:14:47] * efnet.port80.se notice *** Looking up your hostname...
[2018-06-09 02:14:47] * efnet.port80.se notice *** Checking Ident
[2018-06-09 02:14:47] * efnet.port80.se notice *** Couldn't look up your hostname
[2018-06-09 02:14:47] * efnet.port80.se notice *** No Ident response
[2018-06-09 02:14:49] <undefined> Enabled capabilities: multi-prefix
[2018-06-09 02:14:49] <undefined> You're now known as aniketp
[2018-06-09 02:14:49] * undefined unhandled
[2018-06-09 02:14:49] * undefined unhandled
[2018-06-09 02:14:49] * undefined unhandled
[2018-06-09 02:14:49] * undefined unhandled
[2018-06-09 02:14:49] * undefined unhandled
[2018-06-09 02:14:49] * undefined unhandled
[2018-06-09 02:14:49] * undefined unhandled
[2018-06-09 02:14:49] * undefined unhandled
[2018-06-09 02:14:49] * undefined unhandled
[2018-06-09 02:14:49] * undefined unhandled
[2018-06-09 02:14:49] * undefined unhandled
